<?xml version="1.0" encoding="UTF-8"?>
<!-- Generated by org.testng.reporters.JUnitReportReporter -->
<testsuite hostname="PUN-NB-LE2J1QS" failures="0" tests="1" name="extendsreports.ExtendsReportExample" time="0.050" errors="0" timestamp="2022-05-23T10:50:23 IST" skipped="0">
  <testcase classname="extendsreports.ExtendsReportExample" name="verifyTest1" time="0.050"/>
  <system-out/>
</testsuite> <!-- extendsreports.ExtendsReportExample -->
