<?xml version="1.0" encoding="UTF-8"?>
<!-- Generated by org.testng.reporters.JUnitReportReporter -->
<testsuite hostname="PUN-NB-LE2J1QS" failures="0" tests="4" name="parallel.DataProviderAnnotationExample" time="73.981" errors="0" timestamp="2022-05-20T10:30:25 IST" skipped="0">
  <testcase classname="parallel.DataProviderAnnotationExample" name="feedValues" time="17.539"/>
  <system-out/>
  <testcase classname="parallel.DataProviderAnnotationExample" name="feedValues" time="17.753"/>
  <system-out/>
  <testcase classname="parallel.DataProviderAnnotationExample" name="feedValues" time="15.836"/>
  <system-out/>
  <testcase classname="parallel.DataProviderAnnotationExample" name="feedValues" time="22.853"/>
  <system-out/>
</testsuite> <!-- parallel.DataProviderAnnotationExample -->
